[ 2018-04-23T10:02:27+08:00 ] ::1 /dxhd/index.php/Home/Index/notifyUrl
INFO: [ app_init ] --START--
INFO: Run Behavior\BuildLiteBehavior [ RunTime:0.000019s ]
INFO: [ app_init ] --END-- [ RunTime:0.000370s ]
INFO: [ app_begin ] --START--
INFO: Run Behavior\ReadHtmlCacheBehavior [ RunTime:0.000483s ]
INFO: [ app_begin ] --END-- [ RunTime:0.000579s ]

[ 2018-04-23T10:04:20+08:00 ] ::1 /dxhd/index.php/Home/Index/notifyUrl
INFO: [ app_init ] --START--
INFO: Run Behavior\BuildLiteBehavior [ RunTime:0.000052s ]
INFO: [ app_init ] --END-- [ RunTime:0.000928s ]
INFO: [ app_begin ] --START--
INFO: Run Behavior\ReadHtmlCacheBehavior [ RunTime:0.001357s ]
INFO: [ app_begin ] --END-- [ RunTime:0.001617s ]

[ 2018-04-23T10:04:28+08:00 ] ::1 /dxhd/index.php/Home/Index/notifyUrl
INFO: [ app_init ] --START--
INFO: Run Behavior\BuildLiteBehavior [ RunTime:0.000035s ]
INFO: [ app_init ] --END-- [ RunTime:0.000602s ]
INFO: [ app_begin ] --START--
INFO: Run Behavior\ReadHtmlCacheBehavior [ RunTime:0.000911s ]
INFO: [ app_begin ] --END-- [ RunTime:0.001094s ]
SQL: SHOW COLUMNS FROM `u_record` [ RunTime:0.0432s ]
SQL: UPDATE `u_record` SET `address`='',`user_name`='异步通知接口' WHERE `int` = 2 [ RunTime:0.0164s ]
NOTIC: [8] Use of undefined constant success - assumed 'success' F:\wamp\www\dxhd\dxhd\Home\Controller\IndexController.class.php 第 783 行.
INFO: [ app_end ] --START--
INFO: Run Behavior\ShowPageTraceBehavior [ RunTime:0.002408s ]
INFO: [ app_end ] --END-- [ RunTime:0.002844s ]

[ 2018-04-23T10:04:51+08:00 ] ::1 /dxhd/index.php/Home/Index/notifyUrl
INFO: [ app_init ] --START--
INFO: Run Behavior\BuildLiteBehavior [ RunTime:0.000037s ]
INFO: [ app_init ] --END-- [ RunTime:0.000616s ]
INFO: [ app_begin ] --START--
INFO: Run Behavior\ReadHtmlCacheBehavior [ RunTime:0.000897s ]
INFO: [ app_begin ] --END-- [ RunTime:0.001133s ]
SQL: SHOW COLUMNS FROM `u_record` [ RunTime:0.0221s ]
SQL: UPDATE `u_record` SET `address`='',`user_name`='异步通知接口' WHERE `int` = 2 [ RunTime:0.0118s ]
NOTIC: [8] Use of undefined constant success - assumed 'success' F:\wamp\www\dxhd\dxhd\Home\Controller\IndexController.class.php 第 783 行.
INFO: [ app_end ] --START--
INFO: Run Behavior\ShowPageTraceBehavior [ RunTime:0.002461s ]
INFO: [ app_end ] --END-- [ RunTime:0.002973s ]

[ 2018-04-23T10:05:02+08:00 ] ::1 /dxhd/index.php/Home/Index/notifyUrl
INFO: [ app_init ] --START--
INFO: Run Behavior\BuildLiteBehavior [ RunTime:0.000036s ]
INFO: [ app_init ] --END-- [ RunTime:0.000604s ]
INFO: [ app_begin ] --START--
INFO: Run Behavior\ReadHtmlCacheBehavior [ RunTime:0.000871s ]
INFO: [ app_begin ] --END-- [ RunTime:0.001050s ]

[ 2018-04-23T14:56:24+08:00 ] ::1 /dxhd/index.php/Home/Index/prize_savew
INFO: [ app_init ] --START--
INFO: Run Behavior\BuildLiteBehavior [ RunTime:0.000018s ]
INFO: [ app_init ] --END-- [ RunTime:0.000311s ]
INFO: [ app_begin ] --START--
INFO: Run Behavior\ReadHtmlCacheBehavior [ RunTime:0.000501s ]
INFO: [ app_begin ] --END-- [ RunTime:0.000591s ]

[ 2018-04-23T14:56:24+08:00 ] ::1 /dxhd/index.php/Home/Index/prize_savew
INFO: [ app_init ] --START--
INFO: Run Behavior\BuildLiteBehavior [ RunTime:0.000021s ]
INFO: [ app_init ] --END-- [ RunTime:0.000331s ]
INFO: [ app_begin ] --START--
INFO: Run Behavior\ReadHtmlCacheBehavior [ RunTime:0.000475s ]
INFO: [ app_begin ] --END-- [ RunTime:0.000572s ]

[ 2018-04-23T14:56:35+08:00 ] ::1 /dxhd/index.php/Home/Index/prize_savew
INFO: [ app_init ] --START--
INFO: Run Behavior\BuildLiteBehavior [ RunTime:0.000044s ]
INFO: [ app_init ] --END-- [ RunTime:0.000741s ]
INFO: [ app_begin ] --START--
INFO: Run Behavior\ReadHtmlCacheBehavior [ RunTime:0.001098s ]
INFO: [ app_begin ] --END-- [ RunTime:0.001322s ]

[ 2018-04-23T14:56:36+08:00 ] ::1 /dxhd/index.php/Home/Index/prize_savew
INFO: [ app_init ] --START--
INFO: Run Behavior\BuildLiteBehavior [ RunTime:0.000050s ]
INFO: [ app_init ] --END-- [ RunTime:0.000860s ]
INFO: [ app_begin ] --START--
INFO: Run Behavior\ReadHtmlCacheBehavior [ RunTime:0.001221s ]
INFO: [ app_begin ] --END-- [ RunTime:0.001475s ]

[ 2018-04-23T14:56:36+08:00 ] ::1 /dxhd/index.php/Home/Index/prize_savew
INFO: [ app_init ] --START--
INFO: Run Behavior\BuildLiteBehavior [ RunTime:0.000036s ]
INFO: [ app_init ] --END-- [ RunTime:0.000606s ]
INFO: [ app_begin ] --START--
INFO: Run Behavior\ReadHtmlCacheBehavior [ RunTime:0.000859s ]
INFO: [ app_begin ] --END-- [ RunTime:0.001036s ]

[ 2018-04-23T14:56:37+08:00 ] ::1 /dxhd/index.php/Home/Index/prize_savew
INFO: [ app_init ] --START--
INFO: Run Behavior\BuildLiteBehavior [ RunTime:0.000059s ]
INFO: [ app_init ] --END-- [ RunTime:0.001002s ]
INFO: [ app_begin ] --START--
INFO: Run Behavior\ReadHtmlCacheBehavior [ RunTime:0.001436s ]
INFO: [ app_begin ] --END-- [ RunTime:0.001733s ]

[ 2018-04-23T14:56:37+08:00 ] ::1 /dxhd/index.php/Home/Index/prize_savew
INFO: [ app_init ] --START--
INFO: Run Behavior\BuildLiteBehavior [ RunTime:0.000060s ]
INFO: [ app_init ] --END-- [ RunTime:0.001003s ]
INFO: [ app_begin ] --START--
INFO: Run Behavior\ReadHtmlCacheBehavior [ RunTime:0.001481s ]
INFO: [ app_begin ] --END-- [ RunTime:0.001790s ]

[ 2018-04-23T14:56:37+08:00 ] ::1 /dxhd/index.php/Home/Index/prize_savew
INFO: [ app_init ] --START--
INFO: Run Behavior\BuildLiteBehavior [ RunTime:0.000069s ]
INFO: [ app_init ] --END-- [ RunTime:0.001178s ]
INFO: [ app_begin ] --START--
INFO: Run Behavior\ReadHtmlCacheBehavior [ RunTime:0.001756s ]
INFO: [ app_begin ] --END-- [ RunTime:0.002119s ]

[ 2018-04-23T14:56:37+08:00 ] ::1 /dxhd/index.php/Home/Index/prize_savew
INFO: [ app_init ] --START--
INFO: Run Behavior\BuildLiteBehavior [ RunTime:0.000018s ]
INFO: [ app_init ] --END-- [ RunTime:0.000314s ]
INFO: [ app_begin ] --START--
INFO: Run Behavior\ReadHtmlCacheBehavior [ RunTime:0.000442s ]
INFO: [ app_begin ] --END-- [ RunTime:0.000533s ]

[ 2018-04-23T14:56:37+08:00 ] ::1 /dxhd/index.php/Home/Index/prize_savew
INFO: [ app_init ] --START--
INFO: Run Behavior\BuildLiteBehavior [ RunTime:0.000036s ]
INFO: [ app_init ] --END-- [ RunTime:0.000599s ]
INFO: [ app_begin ] --START--
INFO: Run Behavior\ReadHtmlCacheBehavior [ RunTime:0.000860s ]
INFO: [ app_begin ] --END-- [ RunTime:0.001040s ]

[ 2018-04-23T14:56:37+08:00 ] ::1 /dxhd/index.php/Home/Index/prize_savew
INFO: [ app_init ] --START--
INFO: Run Behavior\BuildLiteBehavior [ RunTime:0.000042s ]
INFO: [ app_init ] --END-- [ RunTime:0.000689s ]
INFO: [ app_begin ] --START--
INFO: Run Behavior\ReadHtmlCacheBehavior [ RunTime:0.000965s ]
INFO: [ app_begin ] --END-- [ RunTime:0.001164s ]

[ 2018-04-23T14:56:38+08:00 ] ::1 /dxhd/index.php/Home/Index/prize_savew
INFO: [ app_init ] --START--
INFO: Run Behavior\BuildLiteBehavior [ RunTime:0.000027s ]
INFO: [ app_init ] --END-- [ RunTime:0.000439s ]
INFO: [ app_begin ] --START--
INFO: Run Behavior\ReadHtmlCacheBehavior [ RunTime:0.000614s ]
INFO: [ app_begin ] --END-- [ RunTime:0.000741s ]

[ 2018-04-23T14:56:38+08:00 ] ::1 /dxhd/index.php/Home/Index/prize_savew
INFO: [ app_init ] --START--
INFO: Run Behavior\BuildLiteBehavior [ RunTime:0.000044s ]
INFO: [ app_init ] --END-- [ RunTime:0.000755s ]
INFO: [ app_begin ] --START--
INFO: Run Behavior\ReadHtmlCacheBehavior [ RunTime:0.001080s ]
INFO: [ app_begin ] --END-- [ RunTime:0.001305s ]

[ 2018-04-23T14:56:38+08:00 ] ::1 /dxhd/index.php/Home/Index/prize_savew
INFO: [ app_init ] --START--
INFO: Run Behavior\BuildLiteBehavior [ RunTime:0.000036s ]
INFO: [ app_init ] --END-- [ RunTime:0.000605s ]
INFO: [ app_begin ] --START--
INFO: Run Behavior\ReadHtmlCacheBehavior [ RunTime:0.000858s ]
INFO: [ app_begin ] --END-- [ RunTime:0.001035s ]

[ 2018-04-23T14:56:38+08:00 ] ::1 /dxhd/index.php/Home/Index/prize_savew
INFO: [ app_init ] --START--
INFO: Run Behavior\BuildLiteBehavior [ RunTime:0.000035s ]
INFO: [ app_init ] --END-- [ RunTime:0.000602s ]
INFO: [ app_begin ] --START--
INFO: Run Behavior\ReadHtmlCacheBehavior [ RunTime:0.000861s ]
INFO: [ app_begin ] --END-- [ RunTime:0.001037s ]

[ 2018-04-23T14:56:38+08:00 ] ::1 /dxhd/index.php/Home/Index/prize_savew
INFO: [ app_init ] --START--
INFO: Run Behavior\BuildLiteBehavior [ RunTime:0.000051s ]
INFO: [ app_init ] --END-- [ RunTime:0.000869s ]
INFO: [ app_begin ] --START--
INFO: Run Behavior\ReadHtmlCacheBehavior [ RunTime:0.000744s ]
INFO: [ app_begin ] --END-- [ RunTime:0.000920s ]

[ 2018-04-23T14:56:38+08:00 ] ::1 /dxhd/index.php/Home/Index/prize_savew
INFO: [ app_init ] --START--
INFO: Run Behavior\BuildLiteBehavior [ RunTime:0.000039s ]
INFO: [ app_init ] --END-- [ RunTime:0.000687s ]
INFO: [ app_begin ] --START--
INFO: Run Behavior\ReadHtmlCacheBehavior [ RunTime:0.000974s ]
INFO: [ app_begin ] --END-- [ RunTime:0.001172s ]

[ 2018-04-23T14:56:38+08:00 ] ::1 /dxhd/index.php/Home/Index/prize_savew
INFO: [ app_init ] --START--
INFO: Run Behavior\BuildLiteBehavior [ RunTime:0.000036s ]
INFO: [ app_init ] --END-- [ RunTime:0.000603s ]
INFO: [ app_begin ] --START--
INFO: Run Behavior\ReadHtmlCacheBehavior [ RunTime:0.000853s ]
INFO: [ app_begin ] --END-- [ RunTime:0.001029s ]

[ 2018-04-23T14:56:39+08:00 ] ::1 /dxhd/index.php/Home/Index/prize_savew
INFO: [ app_init ] --START--
INFO: Run Behavior\BuildLiteBehavior [ RunTime:0.000059s ]
INFO: [ app_init ] --END-- [ RunTime:0.000996s ]
INFO: [ app_begin ] --START--
INFO: Run Behavior\ReadHtmlCacheBehavior [ RunTime:0.001467s ]
INFO: [ app_begin ] --END-- [ RunTime:0.001767s ]

[ 2018-04-23T14:56:39+08:00 ] ::1 /dxhd/index.php/Home/Index/prize_savew
INFO: [ app_init ] --START--
INFO: Run Behavior\BuildLiteBehavior [ RunTime:0.000061s ]
INFO: [ app_init ] --END-- [ RunTime:0.000988s ]
INFO: [ app_begin ] --START--
INFO: Run Behavior\ReadHtmlCacheBehavior [ RunTime:0.001412s ]
INFO: [ app_begin ] --END-- [ RunTime:0.001717s ]

[ 2018-04-23T14:56:39+08:00 ] ::1 /dxhd/index.php/Home/Index/prize_savew
INFO: [ app_init ] --START--
INFO: Run Behavior\BuildLiteBehavior [ RunTime:0.000091s ]
INFO: [ app_init ] --END-- [ RunTime:0.001596s ]
INFO: [ app_begin ] --START--
INFO: Run Behavior\ReadHtmlCacheBehavior [ RunTime:0.000981s ]
INFO: [ app_begin ] --END-- [ RunTime:0.001178s ]

[ 2018-04-23T14:56:39+08:00 ] ::1 /dxhd/index.php/Home/Index/prize_savew
INFO: [ app_init ] --START--
INFO: Run Behavior\BuildLiteBehavior [ RunTime:0.000028s ]
INFO: [ app_init ] --END-- [ RunTime:0.000442s ]
INFO: [ app_begin ] --START--
INFO: Run Behavior\ReadHtmlCacheBehavior [ RunTime:0.000454s ]
INFO: [ app_begin ] --END-- [ RunTime:0.000545s ]

[ 2018-04-23T14:56:39+08:00 ] ::1 /dxhd/index.php/Home/Index/prize_savew
INFO: [ app_init ] --START--
INFO: Run Behavior\BuildLiteBehavior [ RunTime:0.000071s ]
INFO: [ app_init ] --END-- [ RunTime:0.001172s ]
INFO: [ app_begin ] --START--
INFO: Run Behavior\ReadHtmlCacheBehavior [ RunTime:0.001110s ]
INFO: [ app_begin ] --END-- [ RunTime:0.001339s ]

[ 2018-04-23T14:56:39+08:00 ] ::1 /dxhd/index.php/Home/Index/prize_savew
INFO: [ app_init ] --START--
INFO: Run Behavior\BuildLiteBehavior [ RunTime:0.000046s ]
INFO: [ app_init ] --END-- [ RunTime:0.000761s ]
INFO: [ app_begin ] --START--
INFO: Run Behavior\ReadHtmlCacheBehavior [ RunTime:0.001097s ]
INFO: [ app_begin ] --END-- [ RunTime:0.001321s ]

[ 2018-04-23T14:56:40+08:00 ] ::1 /dxhd/index.php/Home/Index/prize_savew
INFO: [ app_init ] --START--
INFO: Run Behavior\BuildLiteBehavior [ RunTime:0.000036s ]
INFO: [ app_init ] --END-- [ RunTime:0.000608s ]
INFO: [ app_begin ] --START--
INFO: Run Behavior\ReadHtmlCacheBehavior [ RunTime:0.000872s ]
INFO: [ app_begin ] --END-- [ RunTime:0.001054s ]

[ 2018-04-23T14:56:40+08:00 ] ::1 /dxhd/index.php/Home/Index/prize_savew
INFO: [ app_init ] --START--
INFO: Run Behavior\BuildLiteBehavior [ RunTime:0.000035s ]
INFO: [ app_init ] --END-- [ RunTime:0.000606s ]
INFO: [ app_begin ] --START--
INFO: Run Behavior\ReadHtmlCacheBehavior [ RunTime:0.000856s ]
INFO: [ app_begin ] --END-- [ RunTime:0.001032s ]

[ 2018-04-23T14:56:40+08:00 ] ::1 /dxhd/index.php/Home/Index/prize_savew
INFO: [ app_init ] --START--
INFO: Run Behavior\BuildLiteBehavior [ RunTime:0.000037s ]
INFO: [ app_init ] --END-- [ RunTime:0.000646s ]
INFO: [ app_begin ] --START--
INFO: Run Behavior\ReadHtmlCacheBehavior [ RunTime:0.000873s ]
INFO: [ app_begin ] --END-- [ RunTime:0.001052s ]

[ 2018-04-23T14:56:40+08:00 ] ::1 /dxhd/index.php/Home/Index/prize_savew
INFO: [ app_init ] --START--
INFO: Run Behavior\BuildLiteBehavior [ RunTime:0.000044s ]
INFO: [ app_init ] --END-- [ RunTime:0.000749s ]
INFO: [ app_begin ] --START--
INFO: Run Behavior\ReadHtmlCacheBehavior [ RunTime:0.001075s ]
INFO: [ app_begin ] --END-- [ RunTime:0.001298s ]

[ 2018-04-23T14:56:40+08:00 ] ::1 /dxhd/index.php/Home/Index/prize_savew
INFO: [ app_init ] --START--
INFO: Run Behavior\BuildLiteBehavior [ RunTime:0.000036s ]
INFO: [ app_init ] --END-- [ RunTime:0.000599s ]
INFO: [ app_begin ] --START--
INFO: Run Behavior\ReadHtmlCacheBehavior [ RunTime:0.000855s ]
INFO: [ app_begin ] --END-- [ RunTime:0.001033s ]

[ 2018-04-23T14:56:40+08:00 ] ::1 /dxhd/index.php/Home/Index/prize_savew
INFO: [ app_init ] --START--
INFO: Run Behavior\BuildLiteBehavior [ RunTime:0.000052s ]
INFO: [ app_init ] --END-- [ RunTime:0.000865s ]
INFO: [ app_begin ] --START--
INFO: Run Behavior\ReadHtmlCacheBehavior [ RunTime:0.001224s ]
INFO: [ app_begin ] --END-- [ RunTime:0.001477s ]

[ 2018-04-23T14:56:41+08:00 ] ::1 /dxhd/index.php/Home/Index/prize_savew
INFO: [ app_init ] --START--
INFO: Run Behavior\BuildLiteBehavior [ RunTime:0.000036s ]
INFO: [ app_init ] --END-- [ RunTime:0.000603s ]
INFO: [ app_begin ] --START--
INFO: Run Behavior\ReadHtmlCacheBehavior [ RunTime:0.000855s ]
INFO: [ app_begin ] --END-- [ RunTime:0.001032s ]

[ 2018-04-23T14:56:41+08:00 ] ::1 /dxhd/index.php/Home/Index/prize_savew
INFO: [ app_init ] --START--
INFO: Run Behavior\BuildLiteBehavior [ RunTime:0.000052s ]
INFO: [ app_init ] --END-- [ RunTime:0.000862s ]
INFO: [ app_begin ] --START--
INFO: Run Behavior\ReadHtmlCacheBehavior [ RunTime:0.001257s ]
INFO: [ app_begin ] --END-- [ RunTime:0.001515s ]

[ 2018-04-23T14:56:41+08:00 ] ::1 /dxhd/index.php/Home/Index/prize_savew
INFO: [ app_init ] --START--
INFO: Run Behavior\BuildLiteBehavior [ RunTime:0.000036s ]
INFO: [ app_init ] --END-- [ RunTime:0.000620s ]
INFO: [ app_begin ] --START--
INFO: Run Behavior\ReadHtmlCacheBehavior [ RunTime:0.000927s ]
INFO: [ app_begin ] --END-- [ RunTime:0.001107s ]

[ 2018-04-23T14:56:41+08:00 ] ::1 /dxhd/index.php/Home/Index/prize_savew
INFO: [ app_init ] --START--
INFO: Run Behavior\BuildLiteBehavior [ RunTime:0.000037s ]
INFO: [ app_init ] --END-- [ RunTime:0.000979s ]
INFO: [ app_begin ] --START--
INFO: Run Behavior\ReadHtmlCacheBehavior [ RunTime:0.000863s ]
INFO: [ app_begin ] --END-- [ RunTime:0.001040s ]

[ 2018-04-23T14:56:41+08:00 ] ::1 /dxhd/index.php/Home/Index/prize_savew
INFO: [ app_init ] --START--
INFO: Run Behavior\BuildLiteBehavior [ RunTime:0.000018s ]
INFO: [ app_init ] --END-- [ RunTime:0.000321s ]
INFO: [ app_begin ] --START--
INFO: Run Behavior\ReadHtmlCacheBehavior [ RunTime:0.000490s ]
INFO: [ app_begin ] --END-- [ RunTime:0.000581s ]

[ 2018-04-23T14:56:41+08:00 ] ::1 /dxhd/index.php/Home/Index/prize_savew
INFO: [ app_init ] --START--
INFO: Run Behavior\BuildLiteBehavior [ RunTime:0.000030s ]
INFO: [ app_init ] --END-- [ RunTime:0.000438s ]
INFO: [ app_begin ] --START--
INFO: Run Behavior\ReadHtmlCacheBehavior [ RunTime:0.000623s ]
INFO: [ app_begin ] --END-- [ RunTime:0.000749s ]

[ 2018-04-23T14:56:42+08:00 ] ::1 /dxhd/index.php/Home/Index/prize_savew
INFO: [ app_init ] --START--
INFO: Run Behavior\BuildLiteBehavior [ RunTime:0.000091s ]
INFO: [ app_init ] --END-- [ RunTime:0.001572s ]
INFO: [ app_begin ] --START--
INFO: Run Behavior\ReadHtmlCacheBehavior [ RunTime:0.001108s ]
INFO: [ app_begin ] --END-- [ RunTime:0.001332s ]

[ 2018-04-23T14:56:42+08:00 ] ::1 /dxhd/index.php/Home/Index/prize_savew
INFO: [ app_init ] --START--
INFO: Run Behavior\BuildLiteBehavior [ RunTime:0.000092s ]
INFO: [ app_init ] --END-- [ RunTime:0.001629s ]
INFO: [ app_begin ] --START--
INFO: Run Behavior\ReadHtmlCacheBehavior [ RunTime:0.002138s ]
INFO: [ app_begin ] --END-- [ RunTime:0.002580s ]

[ 2018-04-23T14:56:42+08:00 ] ::1 /dxhd/index.php/Home/Index/prize_savew
INFO: [ app_init ] --START--
INFO: Run Behavior\BuildLiteBehavior [ RunTime:0.000089s ]
INFO: [ app_init ] --END-- [ RunTime:0.001504s ]
INFO: [ app_begin ] --START--
INFO: Run Behavior\ReadHtmlCacheBehavior [ RunTime:0.002148s ]
INFO: [ app_begin ] --END-- [ RunTime:0.002458s ]

[ 2018-04-23T14:56:42+08:00 ] ::1 /dxhd/index.php/Home/Index/prize_savew
INFO: [ app_init ] --START--
INFO: Run Behavior\BuildLiteBehavior [ RunTime:0.000071s ]
INFO: [ app_init ] --END-- [ RunTime:0.001186s ]
INFO: [ app_begin ] --START--
INFO: Run Behavior\ReadHtmlCacheBehavior [ RunTime:0.001705s ]
INFO: [ app_begin ] --END-- [ RunTime:0.002060s ]

[ 2018-04-23T14:56:42+08:00 ] ::1 /dxhd/index.php/Home/Index/prize_savew
INFO: [ app_init ] --START--
INFO: Run Behavior\BuildLiteBehavior [ RunTime:0.000089s ]
INFO: [ app_init ] --END-- [ RunTime:0.001373s ]
INFO: [ app_begin ] --START--
INFO: Run Behavior\ReadHtmlCacheBehavior [ RunTime:0.002044s ]
INFO: [ app_begin ] --END-- [ RunTime:0.002391s ]

[ 2018-04-23T14:56:42+08:00 ] ::1 /dxhd/index.php/Home/Index/prize_savew
INFO: [ app_init ] --START--
INFO: Run Behavior\BuildLiteBehavior [ RunTime:0.000051s ]
INFO: [ app_init ] --END-- [ RunTime:0.000850s ]
INFO: [ app_begin ] --START--
INFO: Run Behavior\ReadHtmlCacheBehavior [ RunTime:0.001219s ]
INFO: [ app_begin ] --END-- [ RunTime:0.001472s ]

[ 2018-04-23T14:56:43+08:00 ] ::1 /dxhd/index.php/Home/Index/prize_savew
INFO: [ app_init ] --START--
INFO: Run Behavior\BuildLiteBehavior [ RunTime:0.000036s ]
INFO: [ app_init ] --END-- [ RunTime:0.000611s ]
INFO: [ app_begin ] --START--
INFO: Run Behavior\ReadHtmlCacheBehavior [ RunTime:0.000974s ]
INFO: [ app_begin ] --END-- [ RunTime:0.001154s ]

[ 2018-04-23T14:56:43+08:00 ] ::1 /dxhd/index.php/Home/Index/prize_savew
INFO: [ app_init ] --START--
INFO: Run Behavior\BuildLiteBehavior [ RunTime:0.000037s ]
INFO: [ app_init ] --END-- [ RunTime:0.000640s ]
INFO: [ app_begin ] --START--
INFO: Run Behavior\ReadHtmlCacheBehavior [ RunTime:0.000862s ]
INFO: [ app_begin ] --END-- [ RunTime:0.001060s ]

[ 2018-04-23T14:56:43+08:00 ] ::1 /dxhd/index.php/Home/Index/prize_savew
INFO: [ app_init ] --START--
INFO: Run Behavior\BuildLiteBehavior [ RunTime:0.000040s ]
INFO: [ app_init ] --END-- [ RunTime:0.000632s ]
INFO: [ app_begin ] --START--
INFO: Run Behavior\ReadHtmlCacheBehavior [ RunTime:0.000871s ]
INFO: [ app_begin ] --END-- [ RunTime:0.001050s ]

[ 2018-04-23T14:56:43+08:00 ] ::1 /dxhd/index.php/Home/Index/prize_savew
INFO: [ app_init ] --START--
INFO: Run Behavior\BuildLiteBehavior [ RunTime:0.000087s ]
INFO: [ app_init ] --END-- [ RunTime:0.001503s ]
INFO: [ app_begin ] --START--
INFO: Run Behavior\ReadHtmlCacheBehavior [ RunTime:0.000856s ]
INFO: [ app_begin ] --END-- [ RunTime:0.001033s ]

[ 2018-04-23T14:56:43+08:00 ] ::1 /dxhd/index.php/Home/Index/prize_savew
INFO: [ app_init ] --START--
INFO: Run Behavior\BuildLiteBehavior [ RunTime:0.000071s ]
INFO: [ app_init ] --END-- [ RunTime:0.001191s ]
INFO: [ app_begin ] --START--
INFO: Run Behavior\ReadHtmlCacheBehavior [ RunTime:0.001704s ]
INFO: [ app_begin ] --END-- [ RunTime:0.002059s ]

[ 2018-04-23T14:56:43+08:00 ] ::1 /dxhd/index.php/Home/Index/prize_savew
INFO: [ app_init ] --START--
INFO: Run Behavior\BuildLiteBehavior [ RunTime:0.000030s ]
INFO: [ app_init ] --END-- [ RunTime:0.000475s ]
INFO: [ app_begin ] --START--
INFO: Run Behavior\ReadHtmlCacheBehavior [ RunTime:0.000665s ]
INFO: [ app_begin ] --END-- [ RunTime:0.000801s ]

[ 2018-04-23T14:56:43+08:00 ] ::1 /dxhd/index.php/Home/Index/prize_savew
INFO: [ app_init ] --START--
INFO: Run Behavior\BuildLiteBehavior [ RunTime:0.000050s ]
INFO: [ app_init ] --END-- [ RunTime:0.000853s ]
INFO: [ app_begin ] --START--
INFO: Run Behavior\ReadHtmlCacheBehavior [ RunTime:0.001249s ]
INFO: [ app_begin ] --END-- [ RunTime:0.001508s ]

[ 2018-04-23T14:56:44+08:00 ] ::1 /dxhd/index.php/Home/Index/prize_savew
INFO: [ app_init ] --START--
INFO: Run Behavior\BuildLiteBehavior [ RunTime:0.000036s ]
INFO: [ app_init ] --END-- [ RunTime:0.000626s ]
INFO: [ app_begin ] --START--
INFO: Run Behavior\ReadHtmlCacheBehavior [ RunTime:0.000864s ]
INFO: [ app_begin ] --END-- [ RunTime:0.001040s ]

[ 2018-04-23T14:56:44+08:00 ] ::1 /dxhd/index.php/Home/Index/prize_savew
INFO: [ app_init ] --START--
INFO: Run Behavior\BuildLiteBehavior [ RunTime:0.000087s ]
INFO: [ app_init ] --END-- [ RunTime:0.001488s ]
INFO: [ app_begin ] --START--
INFO: Run Behavior\ReadHtmlCacheBehavior [ RunTime:0.001089s ]
INFO: [ app_begin ] --END-- [ RunTime:0.001312s ]

[ 2018-04-23T14:56:44+08:00 ] ::1 /dxhd/index.php/Home/Index/prize_savew
INFO: [ app_init ] --START--
INFO: Run Behavior\BuildLiteBehavior [ RunTime:0.000041s ]
INFO: [ app_init ] --END-- [ RunTime:0.000680s ]
INFO: [ app_begin ] --START--
INFO: Run Behavior\ReadHtmlCacheBehavior [ RunTime:0.000968s ]
INFO: [ app_begin ] --END-- [ RunTime:0.001166s ]

[ 2018-04-23T14:56:44+08:00 ] ::1 /dxhd/index.php/Home/Index/prize_savew
INFO: [ app_init ] --START--
INFO: Run Behavior\BuildLiteBehavior [ RunTime:0.000035s ]
INFO: [ app_init ] --END-- [ RunTime:0.000609s ]
INFO: [ app_begin ] --START--
INFO: Run Behavior\ReadHtmlCacheBehavior [ RunTime:0.000855s ]
INFO: [ app_begin ] --END-- [ RunTime:0.001033s ]

[ 2018-04-23T14:56:44+08:00 ] ::1 /dxhd/index.php/Home/Index/prize_savew
INFO: [ app_init ] --START--
INFO: Run Behavior\BuildLiteBehavior [ RunTime:0.000052s ]
INFO: [ app_init ] --END-- [ RunTime:0.000879s ]
INFO: [ app_begin ] --START--
INFO: Run Behavior\ReadHtmlCacheBehavior [ RunTime:0.001310s ]
INFO: [ app_begin ] --END-- [ RunTime:0.001579s ]

[ 2018-04-23T14:56:44+08:00 ] ::1 /dxhd/index.php/Home/Index/prize_savew
INFO: [ app_init ] --START--
INFO: Run Behavior\BuildLiteBehavior [ RunTime:0.000044s ]
INFO: [ app_init ] --END-- [ RunTime:0.000741s ]
INFO: [ app_begin ] --START--
INFO: Run Behavior\ReadHtmlCacheBehavior [ RunTime:0.001079s ]
INFO: [ app_begin ] --END-- [ RunTime:0.001302s ]

[ 2018-04-23T14:56:45+08:00 ] ::1 /dxhd/index.php/Home/Index/prize_savew
INFO: [ app_init ] --START--
INFO: Run Behavior\BuildLiteBehavior [ RunTime:0.000051s ]
INFO: [ app_init ] --END-- [ RunTime:0.000855s ]
INFO: [ app_begin ] --START--
INFO: Run Behavior\ReadHtmlCacheBehavior [ RunTime:0.001230s ]
INFO: [ app_begin ] --END-- [ RunTime:0.001486s ]

[ 2018-04-23T14:56:45+08:00 ] ::1 /dxhd/index.php/Home/Index/prize_savew
INFO: [ app_init ] --START--
INFO: Run Behavior\BuildLiteBehavior [ RunTime:0.000044s ]
INFO: [ app_init ] --END-- [ RunTime:0.000760s ]
INFO: [ app_begin ] --START--
INFO: Run Behavior\ReadHtmlCacheBehavior [ RunTime:0.001116s ]
INFO: [ app_begin ] --END-- [ RunTime:0.001341s ]

[ 2018-04-23T14:56:45+08:00 ] ::1 /dxhd/index.php/Home/Index/prize_savew
INFO: [ app_init ] --START--
INFO: Run Behavior\BuildLiteBehavior [ RunTime:0.000050s ]
INFO: [ app_init ] --END-- [ RunTime:0.000856s ]
INFO: [ app_begin ] --START--
INFO: Run Behavior\ReadHtmlCacheBehavior [ RunTime:0.001233s ]
INFO: [ app_begin ] --END-- [ RunTime:0.001488s ]

[ 2018-04-23T14:56:45+08:00 ] ::1 /dxhd/index.php/Home/Index/prize_savew
INFO: [ app_init ] --START--
INFO: Run Behavior\BuildLiteBehavior [ RunTime:0.000036s ]
INFO: [ app_init ] --END-- [ RunTime:0.000605s ]
INFO: [ app_begin ] --START--
INFO: Run Behavior\ReadHtmlCacheBehavior [ RunTime:0.000868s ]
INFO: [ app_begin ] --END-- [ RunTime:0.001046s ]

[ 2018-04-23T14:56:45+08:00 ] ::1 /dxhd/index.php/Home/Index/prize_savew
INFO: [ app_init ] --START--
INFO: Run Behavior\BuildLiteBehavior [ RunTime:0.000035s ]
INFO: [ app_init ] --END-- [ RunTime:0.000596s ]
INFO: [ app_begin ] --START--
INFO: Run Behavior\ReadHtmlCacheBehavior [ RunTime:0.000859s ]
INFO: [ app_begin ] --END-- [ RunTime:0.001038s ]

[ 2018-04-23T14:56:45+08:00 ] ::1 /dxhd/index.php/Home/Index/prize_savew
INFO: [ app_init ] --START--
INFO: Run Behavior\BuildLiteBehavior [ RunTime:0.000019s ]
INFO: [ app_init ] --END-- [ RunTime:0.000350s ]
INFO: [ app_begin ] --START--
INFO: Run Behavior\ReadHtmlCacheBehavior [ RunTime:0.000450s ]
INFO: [ app_begin ] --END-- [ RunTime:0.000541s ]

[ 2018-04-23T14:56:46+08:00 ] ::1 /dxhd/index.php/Home/Index/prize_savew
INFO: [ app_init ] --START--
INFO: Run Behavior\BuildLiteBehavior [ RunTime:0.000051s ]
INFO: [ app_init ] --END-- [ RunTime:0.000854s ]
INFO: [ app_begin ] --START--
INFO: Run Behavior\ReadHtmlCacheBehavior [ RunTime:0.001242s ]
INFO: [ app_begin ] --END-- [ RunTime:0.001497s ]

[ 2018-04-23T14:56:46+08:00 ] ::1 /dxhd/index.php/Home/Index/prize_savew
INFO: [ app_init ] --START--
INFO: Run Behavior\BuildLiteBehavior [ RunTime:0.000035s ]
INFO: [ app_init ] --END-- [ RunTime:0.000597s ]
INFO: [ app_begin ] --START--
INFO: Run Behavior\ReadHtmlCacheBehavior [ RunTime:0.000865s ]
INFO: [ app_begin ] --END-- [ RunTime:0.001042s ]

[ 2018-04-23T14:56:46+08:00 ] ::1 /dxhd/index.php/Home/Index/prize_savew
INFO: [ app_init ] --START--
INFO: Run Behavior\BuildLiteBehavior [ RunTime:0.000037s ]
INFO: [ app_init ] --END-- [ RunTime:0.000634s ]
INFO: [ app_begin ] --START--
INFO: Run Behavior\ReadHtmlCacheBehavior [ RunTime:0.000883s ]
INFO: [ app_begin ] --END-- [ RunTime:0.001062s ]

[ 2018-04-23T14:56:46+08:00 ] ::1 /dxhd/index.php/Home/Index/prize_savew
INFO: [ app_init ] --START--
INFO: Run Behavior\BuildLiteBehavior [ RunTime:0.000044s ]
INFO: [ app_init ] --END-- [ RunTime:0.000759s ]
INFO: [ app_begin ] --START--
INFO: Run Behavior\ReadHtmlCacheBehavior [ RunTime:0.001075s ]
INFO: [ app_begin ] --END-- [ RunTime:0.001298s ]

[ 2018-04-23T14:56:46+08:00 ] ::1 /dxhd/index.php/Home/Index/prize_savew
INFO: [ app_init ] --START--
INFO: Run Behavior\BuildLiteBehavior [ RunTime:0.000087s ]
INFO: [ app_init ] --END-- [ RunTime:0.001450s ]
INFO: [ app_begin ] --START--
INFO: Run Behavior\ReadHtmlCacheBehavior [ RunTime:0.000858s ]
INFO: [ app_begin ] --END-- [ RunTime:0.001039s ]

[ 2018-04-23T14:56:46+08:00 ] ::1 /dxhd/index.php/Home/Index/prize_savew
INFO: [ app_init ] --START--
INFO: Run Behavior\BuildLiteBehavior [ RunTime:0.000047s ]
INFO: [ app_init ] --END-- [ RunTime:0.000826s ]
INFO: [ app_begin ] --START--
INFO: Run Behavior\ReadHtmlCacheBehavior [ RunTime:0.001094s ]
INFO: [ app_begin ] --END-- [ RunTime:0.001319s ]

[ 2018-04-23T14:56:46+08:00 ] ::1 /dxhd/index.php/Home/Index/prize_savew
INFO: [ app_init ] --START--
INFO: Run Behavior\BuildLiteBehavior [ RunTime:0.000051s ]
INFO: [ app_init ] --END-- [ RunTime:0.000865s ]
INFO: [ app_begin ] --START--
INFO: Run Behavior\ReadHtmlCacheBehavior [ RunTime:0.001815s ]
INFO: [ app_begin ] --END-- [ RunTime:0.002073s ]

[ 2018-04-23T14:56:47+08:00 ] ::1 /dxhd/index.php/Home/Index/prize_savew
INFO: [ app_init ] --START--
INFO: Run Behavior\BuildLiteBehavior [ RunTime:0.000051s ]
INFO: [ app_init ] --END-- [ RunTime:0.000943s ]
INFO: [ app_begin ] --START--
INFO: Run Behavior\ReadHtmlCacheBehavior [ RunTime:0.001052s ]
INFO: [ app_begin ] --END-- [ RunTime:0.001225s ]

[ 2018-04-23T14:56:47+08:00 ] ::1 /dxhd/index.php/Home/Index/prize_savew
INFO: [ app_init ] --START--
INFO: Run Behavior\BuildLiteBehavior [ RunTime:0.000044s ]
INFO: [ app_init ] --END-- [ RunTime:0.000749s ]
INFO: [ app_begin ] --START--
INFO: Run Behavior\ReadHtmlCacheBehavior [ RunTime:0.001085s ]
INFO: [ app_begin ] --END-- [ RunTime:0.001310s ]

[ 2018-04-23T14:56:47+08:00 ] ::1 /dxhd/index.php/Home/Index/prize_savew
INFO: [ app_init ] --START--
INFO: Run Behavior\BuildLiteBehavior [ RunTime:0.000037s ]
INFO: [ app_init ] --END-- [ RunTime:0.000605s ]
INFO: [ app_begin ] --START--
INFO: Run Behavior\ReadHtmlCacheBehavior [ RunTime:0.000865s ]
INFO: [ app_begin ] --END-- [ RunTime:0.001044s ]

[ 2018-04-23T14:56:47+08:00 ] ::1 /dxhd/index.php/Home/Index/prize_savew
INFO: [ app_init ] --START--
INFO: Run Behavior\BuildLiteBehavior [ RunTime:0.000052s ]
INFO: [ app_init ] --END-- [ RunTime:0.000863s ]
INFO: [ app_begin ] --START--
INFO: Run Behavior\ReadHtmlCacheBehavior [ RunTime:0.001241s ]
INFO: [ app_begin ] --END-- [ RunTime:0.001498s ]

[ 2018-04-23T14:56:47+08:00 ] ::1 /dxhd/index.php/Home/Index/prize_savew
INFO: [ app_init ] --START--
INFO: Run Behavior\BuildLiteBehavior [ RunTime:0.000052s ]
INFO: [ app_init ] --END-- [ RunTime:0.000882s ]
INFO: [ app_begin ] --START--
INFO: Run Behavior\ReadHtmlCacheBehavior [ RunTime:0.001276s ]
INFO: [ app_begin ] --END-- [ RunTime:0.001538s ]

[ 2018-04-23T14:56:47+08:00 ] ::1 /dxhd/index.php/Home/Index/prize_savew
INFO: [ app_init ] --START--
INFO: Run Behavior\BuildLiteBehavior [ RunTime:0.000089s ]
INFO: [ app_init ] --END-- [ RunTime:0.001489s ]
INFO: [ app_begin ] --START--
INFO: Run Behavior\ReadHtmlCacheBehavior [ RunTime:0.002009s ]
INFO: [ app_begin ] --END-- [ RunTime:0.002443s ]

[ 2018-04-23T14:56:47+08:00 ] ::1 /dxhd/index.php/Home/Index/prize_savew
INFO: [ app_init ] --START--
INFO: Run Behavior\BuildLiteBehavior [ RunTime:0.000052s ]
INFO: [ app_init ] --END-- [ RunTime:0.000870s ]
INFO: [ app_begin ] --START--
INFO: Run Behavior\ReadHtmlCacheBehavior [ RunTime:0.001239s ]
INFO: [ app_begin ] --END-- [ RunTime:0.001498s ]

[ 2018-04-23T14:56:48+08:00 ] ::1 /dxhd/index.php/Home/Index/prize_savew
INFO: [ app_init ] --START--
INFO: Run Behavior\BuildLiteBehavior [ RunTime:0.000045s ]
INFO: [ app_init ] --END-- [ RunTime:0.000755s ]
INFO: [ app_begin ] --START--
INFO: Run Behavior\ReadHtmlCacheBehavior [ RunTime:0.001075s ]
INFO: [ app_begin ] --END-- [ RunTime:0.001299s ]

[ 2018-04-23T14:56:48+08:00 ] ::1 /dxhd/index.php/Home/Index/prize_savew
INFO: [ app_init ] --START--
INFO: Run Behavior\BuildLiteBehavior [ RunTime:0.000041s ]
INFO: [ app_init ] --END-- [ RunTime:0.000674s ]
INFO: [ app_begin ] --START--
INFO: Run Behavior\ReadHtmlCacheBehavior [ RunTime:0.001035s ]
INFO: [ app_begin ] --END-- [ RunTime:0.001236s ]

[ 2018-04-23T14:56:48+08:00 ] ::1 /dxhd/index.php/Home/Index/prize_savew
INFO: [ app_init ] --START--
INFO: Run Behavior\BuildLiteBehavior [ RunTime:0.000040s ]
INFO: [ app_init ] --END-- [ RunTime:0.000677s ]
INFO: [ app_begin ] --START--
INFO: Run Behavior\ReadHtmlCacheBehavior [ RunTime:0.000962s ]
INFO: [ app_begin ] --END-- [ RunTime:0.001161s ]

[ 2018-04-23T14:56:48+08:00 ] ::1 /dxhd/index.php/Home/Index/prize_savew
INFO: [ app_init ] --START--
INFO: Run Behavior\BuildLiteBehavior [ RunTime:0.000035s ]
INFO: [ app_init ] --END-- [ RunTime:0.000607s ]
INFO: [ app_begin ] --START--
INFO: Run Behavior\ReadHtmlCacheBehavior [ RunTime:0.000870s ]
INFO: [ app_begin ] --END-- [ RunTime:0.001047s ]

[ 2018-04-23T14:56:48+08:00 ] ::1 /dxhd/index.php/Home/Index/prize_savew
INFO: [ app_init ] --START--
INFO: Run Behavior\BuildLiteBehavior [ RunTime:0.000041s ]
INFO: [ app_init ] --END-- [ RunTime:0.000798s ]
INFO: [ app_begin ] --START--
INFO: Run Behavior\ReadHtmlCacheBehavior [ RunTime:0.000962s ]
INFO: [ app_begin ] --END-- [ RunTime:0.001161s ]

[ 2018-04-23T14:56:48+08:00 ] ::1 /dxhd/index.php/Home/Index/prize_savew
INFO: [ app_init ] --START--
INFO: Run Behavior\BuildLiteBehavior [ RunTime:0.000055s ]
INFO: [ app_init ] --END-- [ RunTime:0.001005s ]
INFO: [ app_begin ] --START--
INFO: Run Behavior\ReadHtmlCacheBehavior [ RunTime:0.000879s ]
INFO: [ app_begin ] --END-- [ RunTime:0.001059s ]

[ 2018-04-23T14:56:49+08:00 ] ::1 /dxhd/index.php/Home/Index/prize_savew
INFO: [ app_init ] --START--
INFO: Run Behavior\BuildLiteBehavior [ RunTime:0.000044s ]
INFO: [ app_init ] --END-- [ RunTime:0.000744s ]
INFO: [ app_begin ] --START--
INFO: Run Behavior\ReadHtmlCacheBehavior [ RunTime:0.001083s ]
INFO: [ app_begin ] --END-- [ RunTime:0.001306s ]

[ 2018-04-23T14:56:49+08:00 ] ::1 /dxhd/index.php/Home/Index/prize_savew
INFO: [ app_init ] --START--
INFO: Run Behavior\BuildLiteBehavior [ RunTime:0.000088s ]
INFO: [ app_init ] --END-- [ RunTime:0.001510s ]
INFO: [ app_begin ] --START--
INFO: Run Behavior\ReadHtmlCacheBehavior [ RunTime:0.001111s ]
INFO: [ app_begin ] --END-- [ RunTime:0.001337s ]

[ 2018-04-23T14:56:49+08:00 ] ::1 /dxhd/index.php/Home/Index/prize_savew
INFO: [ app_init ] --START--
INFO: Run Behavior\BuildLiteBehavior [ RunTime:0.000089s ]
INFO: [ app_init ] --END-- [ RunTime:0.001482s ]
INFO: [ app_begin ] --START--
INFO: Run Behavior\ReadHtmlCacheBehavior [ RunTime:0.002175s ]
INFO: [ app_begin ] --END-- [ RunTime:0.002624s ]

[ 2018-04-23T14:56:49+08:00 ] ::1 /dxhd/index.php/Home/Index/prize_savew
INFO: [ app_init ] --START--
INFO: Run Behavior\BuildLiteBehavior [ RunTime:0.000024s ]
INFO: [ app_init ] --END-- [ RunTime:0.000406s ]
INFO: [ app_begin ] --START--
INFO: Run Behavior\ReadHtmlCacheBehavior [ RunTime:0.000579s ]
INFO: [ app_begin ] --END-- [ RunTime:0.000697s ]

[ 2018-04-23T14:56:49+08:00 ] ::1 /dxhd/index.php/Home/Index/prize_savew
INFO: [ app_init ] --START--
INFO: Run Behavior\BuildLiteBehavior [ RunTime:0.000044s ]
INFO: [ app_init ] --END-- [ RunTime:0.000743s ]
INFO: [ app_begin ] --START--
INFO: Run Behavior\ReadHtmlCacheBehavior [ RunTime:0.001081s ]
INFO: [ app_begin ] --END-- [ RunTime:0.001304s ]

[ 2018-04-23T14:56:49+08:00 ] ::1 /dxhd/index.php/Home/Index/prize_savew
INFO: [ app_init ] --START--
INFO: Run Behavior\BuildLiteBehavior [ RunTime:0.000087s ]
INFO: [ app_init ] --END-- [ RunTime:0.001486s ]
INFO: [ app_begin ] --START--
INFO: Run Behavior\ReadHtmlCacheBehavior [ RunTime:0.000876s ]
INFO: [ app_begin ] --END-- [ RunTime:0.001057s ]

[ 2018-04-23T14:56:49+08:00 ] ::1 /dxhd/index.php/Home/Index/prize_savew
INFO: [ app_init ] --START--
INFO: Run Behavior\BuildLiteBehavior [ RunTime:0.000022s ]
INFO: [ app_init ] --END-- [ RunTime:0.000370s ]
INFO: [ app_begin ] --START--
INFO: Run Behavior\ReadHtmlCacheBehavior [ RunTime:0.000533s ]
INFO: [ app_begin ] --END-- [ RunTime:0.000641s ]

[ 2018-04-23T14:56:50+08:00 ] ::1 /dxhd/index.php/Home/Index/prize_savew
INFO: [ app_init ] --START--
INFO: Run Behavior\BuildLiteBehavior [ RunTime:0.000035s ]
INFO: [ app_init ] --END-- [ RunTime:0.000618s ]
INFO: [ app_begin ] --START--
INFO: Run Behavior\ReadHtmlCacheBehavior [ RunTime:0.000862s ]
INFO: [ app_begin ] --END-- [ RunTime:0.001041s ]

[ 2018-04-23T14:56:50+08:00 ] ::1 /dxhd/index.php/Home/Index/prize_savew
INFO: [ app_init ] --START--
INFO: Run Behavior\BuildLiteBehavior [ RunTime:0.000052s ]
INFO: [ app_init ] --END-- [ RunTime:0.000887s ]
INFO: [ app_begin ] --START--
INFO: Run Behavior\ReadHtmlCacheBehavior [ RunTime:0.001244s ]
INFO: [ app_begin ] --END-- [ RunTime:0.001501s ]

[ 2018-04-23T14:56:50+08:00 ] ::1 /dxhd/index.php/Home/Index/prize_savew
INFO: [ app_init ] --START--
INFO: Run Behavior\BuildLiteBehavior [ RunTime:0.000038s ]
INFO: [ app_init ] --END-- [ RunTime:0.000631s ]
INFO: [ app_begin ] --START--
INFO: Run Behavior\ReadHtmlCacheBehavior [ RunTime:0.000879s ]
INFO: [ app_begin ] --END-- [ RunTime:0.001103s ]

[ 2018-04-23T14:56:50+08:00 ] ::1 /dxhd/index.php/Home/Index/prize_savew
INFO: [ app_init ] --START--
INFO: Run Behavior\BuildLiteBehavior [ RunTime:0.000036s ]
INFO: [ app_init ] --END-- [ RunTime:0.000608s ]
INFO: [ app_begin ] --START--
INFO: Run Behavior\ReadHtmlCacheBehavior [ RunTime:0.000869s ]
INFO: [ app_begin ] --END-- [ RunTime:0.001049s ]

[ 2018-04-23T14:56:50+08:00 ] ::1 /dxhd/index.php/Home/Index/prize_savew
INFO: [ app_init ] --START--
INFO: Run Behavior\BuildLiteBehavior [ RunTime:0.000024s ]
INFO: [ app_init ] --END-- [ RunTime:0.000428s ]
INFO: [ app_begin ] --START--
INFO: Run Behavior\ReadHtmlCacheBehavior [ RunTime:0.000547s ]
INFO: [ app_begin ] --END-- [ RunTime:0.000659s ]

[ 2018-04-23T14:56:50+08:00 ] ::1 /dxhd/index.php/Home/Index/prize_savew
INFO: [ app_init ] --START--
INFO: Run Behavior\BuildLiteBehavior [ RunTime:0.000028s ]
INFO: [ app_init ] --END-- [ RunTime:0.000471s ]
INFO: [ app_begin ] --START--
INFO: Run Behavior\ReadHtmlCacheBehavior [ RunTime:0.000671s ]
INFO: [ app_begin ] --END-- [ RunTime:0.000811s ]

[ 2018-04-23T14:56:50+08:00 ] ::1 /dxhd/index.php/Home/Index/prize_savew
INFO: [ app_init ] --START--
INFO: Run Behavior\BuildLiteBehavior [ RunTime:0.000089s ]
INFO: [ app_init ] --END-- [ RunTime:0.001520s ]
INFO: [ app_begin ] --START--
INFO: Run Behavior\ReadHtmlCacheBehavior [ RunTime:0.002171s ]
INFO: [ app_begin ] --END-- [ RunTime:0.002618s ]

[ 2018-04-23T22:55:54+08:00 ] ::1 /dxhd/index.php/Home/Index/go_order
INFO: [ app_init ] --START--
INFO: Run Behavior\BuildLiteBehavior [ RunTime:0.000047s ]
INFO: [ app_init ] --END-- [ RunTime:0.000630s ]
INFO: [ app_begin ] --START--
INFO: Run Behavior\ReadHtmlCacheBehavior [ RunTime:0.000853s ]
INFO: [ app_begin ] --END-- [ RunTime:0.000951s ]
INFO: [ app_end ] --START--
INFO: Run Behavior\ShowPageTraceBehavior [ RunTime:0.000854s ]
INFO: [ app_end ] --END-- [ RunTime:0.000950s ]

[ 2018-04-23T22:56:16+08:00 ] ::1 /dxhd/index.php/Home/Index/go_order
INFO: [ app_init ] --START--
INFO: Run Behavior\BuildLiteBehavior [ RunTime:0.000021s ]
INFO: [ app_init ] --END-- [ RunTime:0.000421s ]
INFO: [ app_begin ] --START--
INFO: Run Behavior\ReadHtmlCacheBehavior [ RunTime:0.000964s ]
INFO: [ app_begin ] --END-- [ RunTime:0.001160s ]
NOTIC: [8192] Non-static method Think\Encrypt::encrypt() should not be called statically, assuming $this from incompatible context D:\IT\wamp\www\dxhd\dxhd\Home\Controller\IndexController.class.php 第 782 行.
NOTIC: [8192] Non-static method Think\Encrypt::pkcs5_pad() should not be called statically, assuming $this from incompatible context D:\IT\wamp\www\dxhd\ThinkPHP\Library\Think\Encrypt.class.php 第 85 行.
NOTIC: [2] mcrypt_generic_init(): Key size too large; supplied length: 32, max: 24 D:\IT\wamp\www\dxhd\ThinkPHP\Library\Think\Encrypt.class.php 第 87 行.
INFO: [ app_end ] --START--
INFO: Run Behavior\ShowPageTraceBehavior [ RunTime:0.000609s ]
INFO: [ app_end ] --END-- [ RunTime:0.000704s ]

[ 2018-04-23T22:57:16+08:00 ] ::1 /dxhd/index.php/Home/Index/go_order
INFO: [ app_init ] --START--
INFO: Run Behavior\BuildLiteBehavior [ RunTime:0.000020s ]
INFO: [ app_init ] --END-- [ RunTime:0.000371s ]
INFO: [ app_begin ] --START--
INFO: Run Behavior\ReadHtmlCacheBehavior [ RunTime:0.000454s ]
INFO: [ app_begin ] --END-- [ RunTime:0.000563s ]
NOTIC: [8192] Non-static method Think\Encrypt::encrypt() should not be called statically, assuming $this from incompatible context D:\IT\wamp\www\dxhd\dxhd\Home\Controller\IndexController.class.php 第 782 行.
NOTIC: [8192] Non-static method Think\Encrypt::pkcs5_pad() should not be called statically, assuming $this from incompatible context D:\IT\wamp\www\dxhd\ThinkPHP\Library\Think\Encrypt.class.php 第 85 行.
NOTIC: [2] mcrypt_generic_init(): Key size too large; supplied length: 32, max: 24 D:\IT\wamp\www\dxhd\ThinkPHP\Library\Think\Encrypt.class.php 第 87 行.

[ 2018-04-23T22:57:43+08:00 ] ::1 /dxhd/index.php/Home/Index/go_order
INFO: [ app_init ] --START--
INFO: Run Behavior\BuildLiteBehavior [ RunTime:0.000021s ]
INFO: [ app_init ] --END-- [ RunTime:0.000376s ]
INFO: [ app_begin ] --START--
INFO: Run Behavior\ReadHtmlCacheBehavior [ RunTime:0.000408s ]
INFO: [ app_begin ] --END-- [ RunTime:0.000506s ]
NOTIC: [8192] Non-static method Think\Encrypt::encrypt() should not be called statically, assuming $this from incompatible context D:\IT\wamp\www\dxhd\dxhd\Home\Controller\IndexController.class.php 第 782 行.
NOTIC: [8192] Non-static method Think\Encrypt::pkcs5_pad() should not be called statically, assuming $this from incompatible context D:\IT\wamp\www\dxhd\ThinkPHP\Library\Think\Encrypt.class.php 第 85 行.
NOTIC: [2] mcrypt_generic_init(): Key size too large; supplied length: 32, max: 24 D:\IT\wamp\www\dxhd\ThinkPHP\Library\Think\Encrypt.class.php 第 87 行.
INFO: [ app_end ] --START--
INFO: Run Behavior\ShowPageTraceBehavior [ RunTime:0.000424s ]
INFO: [ app_end ] --END-- [ RunTime:0.000551s ]

[ 2018-04-23T22:58:49+08:00 ] ::1 /dxhd/index.php/Home/Index/go_order
INFO: [ app_init ] --START--
INFO: Run Behavior\BuildLiteBehavior [ RunTime:0.000020s ]
INFO: [ app_init ] --END-- [ RunTime:0.000495s ]
INFO: [ app_begin ] --START--
INFO: Run Behavior\ReadHtmlCacheBehavior [ RunTime:0.000579s ]
INFO: [ app_begin ] --END-- [ RunTime:0.000678s ]
NOTIC: [8192] Non-static method Think\Encrypt::encrypt() should not be called statically, assuming $this from incompatible context D:\IT\wamp\www\dxhd\dxhd\Home\Controller\IndexController.class.php 第 782 行.
NOTIC: [8192] Non-static method Think\Encrypt::pkcs5_pad() should not be called statically, assuming $this from incompatible context D:\IT\wamp\www\dxhd\ThinkPHP\Library\Think\Encrypt.class.php 第 85 行.
NOTIC: [2] mcrypt_generic_init(): Key size too large; supplied length: 32, max: 24 D:\IT\wamp\www\dxhd\ThinkPHP\Library\Think\Encrypt.class.php 第 87 行.
INFO: [ app_end ] --START--
INFO: Run Behavior\ShowPageTraceBehavior [ RunTime:0.000533s ]
INFO: [ app_end ] --END-- [ RunTime:0.000638s ]

[ 2018-04-23T22:59:10+08:00 ] ::1 /dxhd/index.php/Home/Index/go_order
INFO: [ app_init ] --START--
INFO: Run Behavior\BuildLiteBehavior [ RunTime:0.000020s ]
INFO: [ app_init ] --END-- [ RunTime:0.000434s ]
INFO: [ app_begin ] --START--
INFO: Run Behavior\ReadHtmlCacheBehavior [ RunTime:0.000575s ]
INFO: [ app_begin ] --END-- [ RunTime:0.000692s ]
NOTIC: [8192] Non-static method Think\Encrypt::encrypt() should not be called statically, assuming $this from incompatible context D:\IT\wamp\www\dxhd\dxhd\Home\Controller\IndexController.class.php 第 782 行.
NOTIC: [8192] Non-static method Think\Encrypt::pkcs5_pad() should not be called statically, assuming $this from incompatible context D:\IT\wamp\www\dxhd\ThinkPHP\Library\Think\Encrypt.class.php 第 85 行.
NOTIC: [2] mcrypt_generic_init(): Key size too large; supplied length: 32, max: 24 D:\IT\wamp\www\dxhd\ThinkPHP\Library\Think\Encrypt.class.php 第 87 行.

[ 2018-04-23T22:59:34+08:00 ] ::1 /dxhd/index.php/Home/Index/go_order
INFO: [ app_init ] --START--
INFO: Run Behavior\BuildLiteBehavior [ RunTime:0.000021s ]
INFO: [ app_init ] --END-- [ RunTime:0.000411s ]
INFO: [ app_begin ] --START--
INFO: Run Behavior\ReadHtmlCacheBehavior [ RunTime:0.000382s ]
INFO: [ app_begin ] --END-- [ RunTime:0.000479s ]
NOTIC: [8192] Non-static method Think\Encrypt::encrypt() should not be called statically, assuming $this from incompatible context D:\IT\wamp\www\dxhd\dxhd\Home\Controller\IndexController.class.php 第 782 行.
NOTIC: [8192] Non-static method Think\Encrypt::pkcs5_pad() should not be called statically, assuming $this from incompatible context D:\IT\wamp\www\dxhd\ThinkPHP\Library\Think\Encrypt.class.php 第 85 行.
NOTIC: [2] mcrypt_generic_init(): Key size too large; supplied length: 32, max: 24 D:\IT\wamp\www\dxhd\ThinkPHP\Library\Think\Encrypt.class.php 第 87 行.
INFO: [ app_end ] --START--
INFO: Run Behavior\ShowPageTraceBehavior [ RunTime:0.000400s ]
INFO: [ app_end ] --END-- [ RunTime:0.000495s ]

[ 2018-04-23T23:00:28+08:00 ] ::1 /dxhd/index.php/Home/Index/go_order
INFO: [ app_init ] --START--
INFO: Run Behavior\BuildLiteBehavior [ RunTime:0.000019s ]
INFO: [ app_init ] --END-- [ RunTime:0.000376s ]
INFO: [ app_begin ] --START--
INFO: Run Behavior\ReadHtmlCacheBehavior [ RunTime:0.000377s ]
INFO: [ app_begin ] --END-- [ RunTime:0.000476s ]
NOTIC: [8192] Non-static method Think\Encrypt::encrypt() should not be called statically, assuming $this from incompatible context D:\IT\wamp\www\dxhd\dxhd\Home\Controller\IndexController.class.php 第 782 行.
NOTIC: [8192] Non-static method Think\Encrypt::pkcs5_pad() should not be called statically, assuming $this from incompatible context D:\IT\wamp\www\dxhd\ThinkPHP\Library\Think\Encrypt.class.php 第 85 行.
NOTIC: [2] mcrypt_generic_init(): Key size too large; supplied length: 32, max: 24 D:\IT\wamp\www\dxhd\ThinkPHP\Library\Think\Encrypt.class.php 第 87 行.
INFO: [ app_end ] --START--
INFO: Run Behavior\ShowPageTraceBehavior [ RunTime:0.000588s ]
INFO: [ app_end ] --END-- [ RunTime:0.000686s ]

[ 2018-04-23T23:00:29+08:00 ] ::1 /dxhd/index.php/Home/Index/go_order
INFO: [ app_init ] --START--
INFO: Run Behavior\BuildLiteBehavior [ RunTime:0.000019s ]
INFO: [ app_init ] --END-- [ RunTime:0.000388s ]
INFO: [ app_begin ] --START--
INFO: Run Behavior\ReadHtmlCacheBehavior [ RunTime:0.000376s ]
INFO: [ app_begin ] --END-- [ RunTime:0.000539s ]
NOTIC: [8192] Non-static method Think\Encrypt::encrypt() should not be called statically, assuming $this from incompatible context D:\IT\wamp\www\dxhd\dxhd\Home\Controller\IndexController.class.php 第 782 行.
NOTIC: [8192] Non-static method Think\Encrypt::pkcs5_pad() should not be called statically, assuming $this from incompatible context D:\IT\wamp\www\dxhd\ThinkPHP\Library\Think\Encrypt.class.php 第 85 行.
NOTIC: [2] mcrypt_generic_init(): Key size too large; supplied length: 32, max: 24 D:\IT\wamp\www\dxhd\ThinkPHP\Library\Think\Encrypt.class.php 第 87 行.
INFO: [ app_end ] --START--
INFO: Run Behavior\ShowPageTraceBehavior [ RunTime:0.000385s ]
INFO: [ app_end ] --END-- [ RunTime:0.000476s ]

[ 2018-04-23T23:00:29+08:00 ] ::1 /dxhd/index.php/Home/Index/go_order
INFO: [ app_init ] --START--
INFO: Run Behavior\BuildLiteBehavior [ RunTime:0.000020s ]
INFO: [ app_init ] --END-- [ RunTime:0.000359s ]
INFO: [ app_begin ] --START--
INFO: Run Behavior\ReadHtmlCacheBehavior [ RunTime:0.000370s ]
INFO: [ app_begin ] --END-- [ RunTime:0.000464s ]
NOTIC: [8192] Non-static method Think\Encrypt::encrypt() should not be called statically, assuming $this from incompatible context D:\IT\wamp\www\dxhd\dxhd\Home\Controller\IndexController.class.php 第 782 行.
NOTIC: [8192] Non-static method Think\Encrypt::pkcs5_pad() should not be called statically, assuming $this from incompatible context D:\IT\wamp\www\dxhd\ThinkPHP\Library\Think\Encrypt.class.php 第 85 行.
NOTIC: [2] mcrypt_generic_init(): Key size too large; supplied length: 32, max: 24 D:\IT\wamp\www\dxhd\ThinkPHP\Library\Think\Encrypt.class.php 第 87 行.
INFO: [ app_end ] --START--
INFO: Run Behavior\ShowPageTraceBehavior [ RunTime:0.000586s ]
INFO: [ app_end ] --END-- [ RunTime:0.000763s ]

[ 2018-04-23T23:00:30+08:00 ] ::1 /dxhd/index.php/Home/Index/go_order
INFO: [ app_init ] --START--
INFO: Run Behavior\BuildLiteBehavior [ RunTime:0.000021s ]
INFO: [ app_init ] --END-- [ RunTime:0.000497s ]
INFO: [ app_begin ] --START--
INFO: Run Behavior\ReadHtmlCacheBehavior [ RunTime:0.000395s ]
INFO: [ app_begin ] --END-- [ RunTime:0.000490s ]
NOTIC: [8192] Non-static method Think\Encrypt::encrypt() should not be called statically, assuming $this from incompatible context D:\IT\wamp\www\dxhd\dxhd\Home\Controller\IndexController.class.php 第 782 行.
NOTIC: [8192] Non-static method Think\Encrypt::pkcs5_pad() should not be called statically, assuming $this from incompatible context D:\IT\wamp\www\dxhd\ThinkPHP\Library\Think\Encrypt.class.php 第 85 行.
NOTIC: [2] mcrypt_generic_init(): Key size too large; supplied length: 32, max: 24 D:\IT\wamp\www\dxhd\ThinkPHP\Library\Think\Encrypt.class.php 第 87 行.
INFO: [ app_end ] --START--
INFO: Run Behavior\ShowPageTraceBehavior [ RunTime:0.000420s ]
INFO: [ app_end ] --END-- [ RunTime:0.000523s ]

[ 2018-04-23T23:02:15+08:00 ] ::1 /dxhd/index.php/Home/Index/go_order
INFO: [ app_init ] --START--
INFO: Run Behavior\BuildLiteBehavior [ RunTime:0.000022s ]
INFO: [ app_init ] --END-- [ RunTime:0.000477s ]
INFO: [ app_begin ] --START--
INFO: Run Behavior\ReadHtmlCacheBehavior [ RunTime:0.000680s ]
INFO: [ app_begin ] --END-- [ RunTime:0.000789s ]
NOTIC: [8192] Non-static method Think\Encrypt::encrypt() should not be called statically, assuming $this from incompatible context D:\IT\wamp\www\dxhd\dxhd\Home\Controller\IndexController.class.php 第 782 行.
NOTIC: [8192] Non-static method Think\Encrypt::pkcs5_pad() should not be called statically, assuming $this from incompatible context D:\IT\wamp\www\dxhd\ThinkPHP\Library\Think\Encrypt.class.php 第 85 行.
NOTIC: [2] mcrypt_generic_init(): Key size too large; supplied length: 32, max: 24 D:\IT\wamp\www\dxhd\ThinkPHP\Library\Think\Encrypt.class.php 第 87 行.
INFO: [ app_end ] --START--
INFO: Run Behavior\ShowPageTraceBehavior [ RunTime:0.000655s ]
INFO: [ app_end ] --END-- [ RunTime:0.000768s ]

[ 2018-04-23T23:03:15+08:00 ] ::1 /dxhd/index.php/Home/Index/go_order
INFO: [ app_init ] --START--
INFO: Run Behavior\BuildLiteBehavior [ RunTime:0.000021s ]
INFO: [ app_init ] --END-- [ RunTime:0.000448s ]
INFO: [ app_begin ] --START--
INFO: Run Behavior\ReadHtmlCacheBehavior [ RunTime:0.000578s ]
INFO: [ app_begin ] --END-- [ RunTime:0.000679s ]
NOTIC: [8192] Non-static method Think\Encrypt::encrypt() should not be called statically, assuming $this from incompatible context D:\IT\wamp\www\dxhd\dxhd\Home\Controller\IndexController.class.php 第 782 行.
NOTIC: [8192] Non-static method Think\Encrypt::pkcs5_pad() should not be called statically, assuming $this from incompatible context D:\IT\wamp\www\dxhd\ThinkPHP\Library\Think\Encrypt.class.php 第 85 行.
NOTIC: [2] mcrypt_generic_init(): Key size too large; supplied length: 32, max: 24 D:\IT\wamp\www\dxhd\ThinkPHP\Library\Think\Encrypt.class.php 第 87 行.
INFO: [ app_end ] --START--
INFO: Run Behavior\ShowPageTraceBehavior [ RunTime:0.000622s ]
INFO: [ app_end ] --END-- [ RunTime:0.000812s ]

[ 2018-04-23T23:03:47+08:00 ] ::1 /dxhd/index.php/Home/Index/go_order
INFO: [ app_init ] --START--
INFO: Run Behavior\BuildLiteBehavior [ RunTime:0.000020s ]
INFO: [ app_init ] --END-- [ RunTime:0.000377s ]
INFO: [ app_begin ] --START--
INFO: Run Behavior\ReadHtmlCacheBehavior [ RunTime:0.000380s ]
INFO: [ app_begin ] --END-- [ RunTime:0.000479s ]
NOTIC: [8192] Non-static method Think\Encrypt::encrypt() should not be called statically, assuming $this from incompatible context D:\IT\wamp\www\dxhd\dxhd\Home\Controller\IndexController.class.php 第 782 行.
NOTIC: [8192] Non-static method Think\Encrypt::pkcs5_pad() should not be called statically, assuming $this from incompatible context D:\IT\wamp\www\dxhd\ThinkPHP\Library\Think\Encrypt.class.php 第 85 行.
NOTIC: [2] mcrypt_generic_init(): Key size too large; supplied length: 32, max: 24 D:\IT\wamp\www\dxhd\ThinkPHP\Library\Think\Encrypt.class.php 第 87 行.
INFO: [ app_end ] --START--
INFO: Run Behavior\ShowPageTraceBehavior [ RunTime:0.000397s ]
INFO: [ app_end ] --END-- [ RunTime:0.000492s ]

[ 2018-04-23T23:10:03+08:00 ] ::1 /dxhd/index.php/Home/Index/go_order
INFO: [ app_init ] --START--
INFO: Run Behavior\BuildLiteBehavior [ RunTime:0.000034s ]
INFO: [ app_init ] --END-- [ RunTime:0.000546s ]
INFO: [ app_begin ] --START--
INFO: Run Behavior\ReadHtmlCacheBehavior [ RunTime:0.001004s ]
INFO: [ app_begin ] --END-- [ RunTime:0.001151s ]
NOTIC: [8192] Non-static method Think\Encrypt::encrypt() should not be called statically, assuming $this from incompatible context D:\IT\wamp\www\dxhd\dxhd\Home\Controller\IndexController.class.php 第 782 行.
NOTIC: [8192] Non-static method Think\Encrypt::pkcs5_pad() should not be called statically, assuming $this from incompatible context D:\IT\wamp\www\dxhd\ThinkPHP\Library\Think\Encrypt.class.php 第 85 行.
NOTIC: [2] mcrypt_generic_init(): Key size too large; supplied length: 32, max: 24 D:\IT\wamp\www\dxhd\ThinkPHP\Library\Think\Encrypt.class.php 第 87 行.
INFO: [ app_end ] --START--
INFO: Run Behavior\ShowPageTraceBehavior [ RunTime:0.000786s ]
INFO: [ app_end ] --END-- [ RunTime:0.000894s ]

[ 2018-04-23T23:10:14+08:00 ] ::1 /dxhd/index.php/Home/Index/go_order
INFO: [ app_init ] --START--
INFO: Run Behavior\BuildLiteBehavior [ RunTime:0.000019s ]
INFO: [ app_init ] --END-- [ RunTime:0.000425s ]
INFO: [ app_begin ] --START--
INFO: Run Behavior\ReadHtmlCacheBehavior [ RunTime:0.000744s ]
INFO: [ app_begin ] --END-- [ RunTime:0.000847s ]
NOTIC: [8192] Non-static method Think\Encrypt::encrypt() should not be called statically, assuming $this from incompatible context D:\IT\wamp\www\dxhd\dxhd\Home\Controller\IndexController.class.php 第 782 行.
NOTIC: [8192] Non-static method Think\Encrypt::pkcs5_pad() should not be called statically, assuming $this from incompatible context D:\IT\wamp\www\dxhd\ThinkPHP\Library\Think\Encrypt.class.php 第 85 行.
NOTIC: [2] mcrypt_generic_init(): Key size too large; supplied length: 32, max: 24 D:\IT\wamp\www\dxhd\ThinkPHP\Library\Think\Encrypt.class.php 第 87 行.
INFO: [ app_end ] --START--
INFO: Run Behavior\ShowPageTraceBehavior [ RunTime:0.000565s ]
INFO: [ app_end ] --END-- [ RunTime:0.000661s ]

[ 2018-04-23T23:10:56+08:00 ] ::1 /dxhd/index.php/Home/Index/go_order
INFO: [ app_init ] --START--
INFO: Run Behavior\BuildLiteBehavior [ RunTime:0.000019s ]
INFO: [ app_init ] --END-- [ RunTime:0.000360s ]
INFO: [ app_begin ] --START--
INFO: Run Behavior\ReadHtmlCacheBehavior [ RunTime:0.000395s ]
INFO: [ app_begin ] --END-- [ RunTime:0.000489s ]
NOTIC: [8192] Non-static method Think\Encrypt::encrypt() should not be called statically, assuming $this from incompatible context D:\IT\wamp\www\dxhd\dxhd\Home\Controller\IndexController.class.php 第 782 行.
NOTIC: [8192] Non-static method Think\Encrypt::pkcs5_pad() should not be called statically, assuming $this from incompatible context D:\IT\wamp\www\dxhd\ThinkPHP\Library\Think\Encrypt.class.php 第 85 行.
NOTIC: [2] mcrypt_generic_init(): Key size too large; supplied length: 32, max: 24 D:\IT\wamp\www\dxhd\ThinkPHP\Library\Think\Encrypt.class.php 第 87 行.
INFO: [ app_end ] --START--
INFO: Run Behavior\ShowPageTraceBehavior [ RunTime:0.000511s ]
INFO: [ app_end ] --END-- [ RunTime:0.000606s ]

[ 2018-04-23T23:11:33+08:00 ] ::1 /dxhd/index.php/Home/Index/go_order
INFO: [ app_init ] --START--
INFO: Run Behavior\BuildLiteBehavior [ RunTime:0.000021s ]
INFO: [ app_init ] --END-- [ RunTime:0.000418s ]
INFO: [ app_begin ] --START--
INFO: Run Behavior\ReadHtmlCacheBehavior [ RunTime:0.000419s ]
INFO: [ app_begin ] --END-- [ RunTime:0.000519s ]
NOTIC: [8192] Non-static method Think\Encrypt::encrypt() should not be called statically, assuming $this from incompatible context D:\IT\wamp\www\dxhd\dxhd\Home\Controller\IndexController.class.php 第 782 行.
NOTIC: [8192] Non-static method Think\Encrypt::pkcs5_pad() should not be called statically, assuming $this from incompatible context D:\IT\wamp\www\dxhd\ThinkPHP\Library\Think\Encrypt.class.php 第 85 行.
NOTIC: [2] mcrypt_generic_init(): Key size too large; supplied length: 32, max: 24 D:\IT\wamp\www\dxhd\ThinkPHP\Library\Think\Encrypt.class.php 第 87 行.
INFO: [ app_end ] --START--
INFO: Run Behavior\ShowPageTraceBehavior [ RunTime:0.000437s ]
INFO: [ app_end ] --END-- [ RunTime:0.000534s ]

